<?xml version="1.0" encoding="UTF-8"?>
<!-- Generated by org.testng.reporters.JUnitReportReporter -->
<testsuite hostname="SUBBIAH440G9" failures="0" tests="3" name="testcases.TestCase10" time="2.693" errors="0" timestamp="2025-09-26T13:25:57 IST" skipped="0">
  <testcase classname="testcases.TestCase10" name="Login" time="0.875"/>
  <testcase classname="testcases.TestCase10" name="Login" time="0.915"/>
  <testcase classname="testcases.TestCase10" name="Login" time="0.903"/>
</testsuite> <!-- testcases.TestCase10 -->
