<?xml version="1.0" encoding="UTF-8"?>
<!-- Generated by org.testng.reporters.JUnitReportReporter -->
<testsuite hostname="SUBBIAH440G9" failures="0" tests="3" name="testcases.TestCase7" time="1.649" errors="0" timestamp="2025-09-20T18:59:49 IST" skipped="0">
  <testcase classname="testcases.TestCase7" name="Login" time="0.596"/>
  <testcase classname="testcases.TestCase7" name="Login" time="0.481"/>
  <testcase classname="testcases.TestCase7" name="Login" time="0.572"/>
</testsuite> <!-- testcases.TestCase7 -->
