<?xml version="1.0" encoding="UTF-8"?>
<!-- Generated by org.testng.reporters.JUnitReportReporter -->
<testsuite hostname="SUBBIAH440G9" failures="0" tests="3" name="testcases.TestCase2" time="10.337" errors="0" timestamp="2025-09-20T22:57:42 IST" skipped="0">
  <testcase classname="testcases.TestCase2" name="loginApp" time="3.511"/>
  <testcase classname="testcases.TestCase2" name="loginApp" time="3.464"/>
  <testcase classname="testcases.TestCase2" name="loginApp" time="3.362"/>
</testsuite> <!-- testcases.TestCase2 -->
