<?xml version="1.0" encoding="UTF-8"?>
<!-- Generated by org.testng.reporters.JUnitReportReporter -->
<testsuite hostname="SUBBIAH440G9" failures="0" tests="3" name="testcases.TestCase3" time="2.958" errors="0" timestamp="2025-09-26T12:11:43 IST" skipped="0">
  <testcase classname="testcases.TestCase3" name="Login" time="0.736"/>
  <testcase classname="testcases.TestCase3" name="Login" time="1.162"/>
  <testcase classname="testcases.TestCase3" name="Login" time="1.060"/>
</testsuite> <!-- testcases.TestCase3 -->
