<?xml version="1.0" encoding="UTF-8"?>
<!-- Generated by org.testng.reporters.JUnitReportReporter -->
<testsuite hostname="SUBBIAH440G9" failures="0" tests="5" name="testcases.HireSenseTests" time="19.944" errors="0" timestamp="2025-09-26T13:25:57 IST" skipped="1">
  <testcase classname="testcases.HireSenseTests" name="resumeUploadUsingPasteOption" time="1.728"/>
  <testcase classname="testcases.HireSenseTests" name="HireSenseResumeUpload" time="13.949"/>
  <testcase classname="testcases.HireSenseTests" name="LogInVerification" time="0.497"/>
  <testcase classname="testcases.HireSenseTests" name="UploadFileValidation" time="3.770"/>
  <testcase classname="testcases.HireSenseTests" name="UploadJobRequisition">
    <skipped/>
  </testcase> <!-- UploadJobRequisition -->
</testsuite> <!-- testcases.HireSenseTests -->
