<?xml version="1.0" encoding="UTF-8"?>
<!-- Generated by org.testng.reporters.JUnitReportReporter -->
<testsuite hostname="SUBBIAH440G9" failures="0" tests="3" name="testcases.TestCase8" time="2.537" errors="0" timestamp="2025-09-26T12:11:43 IST" skipped="0">
  <testcase classname="testcases.TestCase8" name="Login" time="0.999"/>
  <testcase classname="testcases.TestCase8" name="Login" time="0.533"/>
  <testcase classname="testcases.TestCase8" name="Login" time="1.005"/>
</testsuite> <!-- testcases.TestCase8 -->
