<?xml version="1.0" encoding="UTF-8"?>
<!-- Generated by org.testng.reporters.JUnitReportReporter -->
<testsuite hostname="SUBBIAH440G9" failures="0" tests="3" name="testcases.TestCase4" time="2.143" errors="0" timestamp="2025-09-26T12:11:43 IST" skipped="0">
  <testcase classname="testcases.TestCase4" name="Login" time="0.671"/>
  <testcase classname="testcases.TestCase4" name="Login" time="0.680"/>
  <testcase classname="testcases.TestCase4" name="Login" time="0.792"/>
</testsuite> <!-- testcases.TestCase4 -->
