<?xml version="1.0" encoding="UTF-8"?>
<!-- Generated by org.testng.reporters.JUnitReportReporter -->
<testsuite hostname="SUBBIAH440G9" failures="0" tests="3" name="testcases.TestCase3" time="5.032" errors="0" timestamp="2025-09-20T20:09:09 IST" skipped="0">
  <testcase classname="testcases.TestCase3" name="Login" time="2.105"/>
  <testcase classname="testcases.TestCase3" name="Login" time="1.711"/>
  <testcase classname="testcases.TestCase3" name="Login" time="1.216"/>
</testsuite> <!-- testcases.TestCase3 -->
