<?xml version="1.0" encoding="UTF-8"?>
<!-- Generated by org.testng.reporters.JUnitReportReporter -->
<testsuite hostname="SUBBIAH440G9" failures="0" tests="3" name="testcases.TestCase3" time="4.032" errors="0" timestamp="2025-09-26T13:25:57 IST" skipped="0">
  <testcase classname="testcases.TestCase3" name="Login" time="1.730"/>
  <testcase classname="testcases.TestCase3" name="Login" time="1.220"/>
  <testcase classname="testcases.TestCase3" name="Login" time="1.082"/>
</testsuite> <!-- testcases.TestCase3 -->
