<?xml version="1.0" encoding="UTF-8"?>
<!-- Generated by org.testng.reporters.JUnitReportReporter -->
<testsuite hostname="SUBBIAH440G9" failures="0" tests="3" name="testcases.TestCase6" time="4.288" errors="0" timestamp="2025-09-20T20:09:09 IST" skipped="0">
  <testcase classname="testcases.TestCase6" name="Login" time="0.758"/>
  <testcase classname="testcases.TestCase6" name="Login" time="2.352"/>
  <testcase classname="testcases.TestCase6" name="Login" time="1.178"/>
</testsuite> <!-- testcases.TestCase6 -->
