<?xml version="1.0" encoding="UTF-8"?>
<!-- Generated by org.testng.reporters.JUnitReportReporter -->
<testsuite hostname="SUBBIAH440G9" failures="0" tests="3" name="testcases.TestCase6" time="2.219" errors="0" timestamp="2025-09-20T22:57:42 IST" skipped="0">
  <testcase classname="testcases.TestCase6" name="Login" time="0.744"/>
  <testcase classname="testcases.TestCase6" name="Login" time="0.694"/>
  <testcase classname="testcases.TestCase6" name="Login" time="0.781"/>
</testsuite> <!-- testcases.TestCase6 -->
