<?xml version="1.0" encoding="UTF-8"?>
<!-- Generated by org.testng.reporters.JUnitReportReporter -->
<testsuite hostname="SUBBIAH440G9" failures="0" tests="3" name="testcases.TestCase8" time="3.014" errors="0" timestamp="2025-09-26T13:25:57 IST" skipped="0">
  <testcase classname="testcases.TestCase8" name="Login" time="0.748"/>
  <testcase classname="testcases.TestCase8" name="Login" time="0.973"/>
  <testcase classname="testcases.TestCase8" name="Login" time="1.293"/>
</testsuite> <!-- testcases.TestCase8 -->
