<?xml version="1.0" encoding="UTF-8"?>
<!-- Generated by org.testng.reporters.JUnitReportReporter -->
<testsuite hostname="SUBBIAH440G9" failures="0" tests="3" name="testcases.TestCase7" time="3.949" errors="0" timestamp="2025-09-20T20:09:09 IST" skipped="0">
  <testcase classname="testcases.TestCase7" name="Login" time="1.741"/>
  <testcase classname="testcases.TestCase7" name="Login" time="1.093"/>
  <testcase classname="testcases.TestCase7" name="Login" time="1.115"/>
</testsuite> <!-- testcases.TestCase7 -->
