<?xml version="1.0" encoding="UTF-8"?>
<!-- Generated by org.testng.reporters.JUnitReportReporter -->
<testsuite hostname="SUBBIAH440G9" failures="0" tests="3" name="testcases.TestCase9" time="2.435" errors="0" timestamp="2025-09-26T13:25:57 IST" skipped="0">
  <testcase classname="testcases.TestCase9" name="Login" time="0.619"/>
  <testcase classname="testcases.TestCase9" name="Login" time="0.965"/>
  <testcase classname="testcases.TestCase9" name="Login" time="0.851"/>
</testsuite> <!-- testcases.TestCase9 -->
