<?xml version="1.0" encoding="UTF-8"?>
<!-- Generated by org.testng.reporters.JUnitReportReporter -->
<testsuite hostname="SUBBIAH440G9" failures="0" tests="3" name="testcases.TestCase4" time="2.563" errors="0" timestamp="2025-09-20T18:59:49 IST" skipped="0">
  <testcase classname="testcases.TestCase4" name="Login" time="0.797"/>
  <testcase classname="testcases.TestCase4" name="Login" time="0.540"/>
  <testcase classname="testcases.TestCase4" name="Login" time="1.226"/>
</testsuite> <!-- testcases.TestCase4 -->
