<?xml version="1.0" encoding="UTF-8"?>
<!-- Generated by org.testng.reporters.JUnitReportReporter -->
<testsuite hostname="SUBBIAH440G9" failures="0" tests="3" name="testcases.TestCase1" time="5.178" errors="0" timestamp="2025-09-20T22:57:42 IST" skipped="0">
  <testcase classname="testcases.TestCase1" name="Login" time="2.840"/>
  <testcase classname="testcases.TestCase1" name="Login" time="1.253"/>
  <testcase classname="testcases.TestCase1" name="Login" time="1.085"/>
</testsuite> <!-- testcases.TestCase1 -->
