<?xml version="1.0" encoding="UTF-8"?>
<!-- Generated by org.testng.reporters.JUnitReportReporter -->
<testsuite hostname="SUBBIAH440G9" failures="0" tests="3" name="testcases.HireSenseLogin" time="17.369" errors="0" timestamp="2025-09-26T10:15:23 IST" skipped="0">
  <testcase classname="testcases.HireSenseLogin" name="HireSenseResumeUpload" time="12.369"/>
  <testcase classname="testcases.HireSenseLogin" name="resumeUploadUsingPasteOption" time="0.206"/>
  <testcase classname="testcases.HireSenseLogin" name="UploadFileValidation" time="4.794"/>
</testsuite> <!-- testcases.HireSenseLogin -->
