<?xml version="1.0" encoding="UTF-8"?>
<!-- Generated by org.testng.reporters.JUnitReportReporter -->
<testsuite hostname="SUBBIAH440G9" failures="0" tests="3" name="testcases.TestCase1" time="6.164" errors="0" timestamp="2025-09-26T12:11:43 IST" skipped="0">
  <testcase classname="testcases.TestCase1" name="Login" time="1.863"/>
  <testcase classname="testcases.TestCase1" name="Login" time="2.188"/>
  <testcase classname="testcases.TestCase1" name="Login" time="2.113"/>
</testsuite> <!-- testcases.TestCase1 -->
