<?xml version="1.0" encoding="UTF-8"?>
<!-- Generated by org.testng.reporters.JUnitReportReporter -->
<testsuite hostname="SUBBIAH440G9" failures="0" tests="3" name="testcases.TestCase2" time="10.026" errors="0" timestamp="2025-09-20T18:59:49 IST" skipped="0">
  <testcase classname="testcases.TestCase2" name="loginApp" time="3.359"/>
  <testcase classname="testcases.TestCase2" name="loginApp" time="3.303"/>
  <testcase classname="testcases.TestCase2" name="loginApp" time="3.364"/>
</testsuite> <!-- testcases.TestCase2 -->
