<?xml version="1.0" encoding="UTF-8"?>
<!-- Generated by org.testng.reporters.JUnitReportReporter -->
<testsuite hostname="SUBBIAH440G9" failures="0" tests="3" name="testcases.TestCase5" time="2.615" errors="0" timestamp="2025-09-26T13:25:57 IST" skipped="0">
  <testcase classname="testcases.TestCase5" name="Login" time="0.833"/>
  <testcase classname="testcases.TestCase5" name="Login" time="1.045"/>
  <testcase classname="testcases.TestCase5" name="Login" time="0.737"/>
</testsuite> <!-- testcases.TestCase5 -->
