<?xml version="1.0" encoding="UTF-8"?>
<!-- Generated by org.testng.reporters.JUnitReportReporter -->
<testsuite hostname="SUBBIAH440G9" failures="0" tests="3" name="testcases.TestCase5" time="3.017" errors="0" timestamp="2025-09-26T12:11:43 IST" skipped="0">
  <testcase classname="testcases.TestCase5" name="Login" time="1.449"/>
  <testcase classname="testcases.TestCase5" name="Login" time="0.661"/>
  <testcase classname="testcases.TestCase5" name="Login" time="0.907"/>
</testsuite> <!-- testcases.TestCase5 -->
