<?xml version="1.0" encoding="UTF-8"?>
<!-- Generated by org.testng.reporters.JUnitReportReporter -->
<testsuite hostname="SUBBIAH440G9" failures="0" tests="3" name="testcases.TestCase2" time="11.402" errors="0" timestamp="2025-09-26T13:25:57 IST" skipped="0">
  <testcase classname="testcases.TestCase2" name="loginApp" time="4.323"/>
  <testcase classname="testcases.TestCase2" name="loginApp" time="3.459"/>
  <testcase classname="testcases.TestCase2" name="loginApp" time="3.620"/>
</testsuite> <!-- testcases.TestCase2 -->
