<?xml version="1.0" encoding="UTF-8"?>
<!-- Generated by org.testng.reporters.JUnitReportReporter -->
<testsuite hostname="SUBBIAH440G9" failures="0" tests="3" name="testcases.TestCase2" time="10.392" errors="0" timestamp="2025-09-26T12:11:43 IST" skipped="0">
  <testcase classname="testcases.TestCase2" name="loginApp" time="3.461"/>
  <testcase classname="testcases.TestCase2" name="loginApp" time="3.364"/>
  <testcase classname="testcases.TestCase2" name="loginApp" time="3.567"/>
</testsuite> <!-- testcases.TestCase2 -->
