<?xml version="1.0" encoding="UTF-8"?>
<!-- Generated by org.testng.reporters.JUnitReportReporter -->
<testsuite hostname="SUBBIAH440G9" failures="0" tests="5" name="testcases.HireSenseTests" time="12.333" errors="0" timestamp="2025-09-26T12:11:43 IST" skipped="1">
  <testcase classname="testcases.HireSenseTests" name="HireSenseResumeUpload" time="9.178"/>
  <testcase classname="testcases.HireSenseTests" name="UploadFileValidation" time="1.380"/>
  <testcase classname="testcases.HireSenseTests" name="resumeUploadUsingPasteOption" time="1.439"/>
  <testcase classname="testcases.HireSenseTests" name="LogInVerification" time="0.336"/>
  <testcase classname="testcases.HireSenseTests" name="UploadJobRequisition">
    <skipped/>
  </testcase> <!-- UploadJobRequisition -->
</testsuite> <!-- testcases.HireSenseTests -->
