<?xml version="1.0" encoding="UTF-8"?>
<!-- Generated by org.testng.reporters.JUnitReportReporter -->
<testsuite hostname="SUBBIAH440G9" failures="0" tests="3" name="testcases.TestCase1" time="9.067" errors="0" timestamp="2025-09-26T13:25:57 IST" skipped="0">
  <testcase classname="testcases.TestCase1" name="Login" time="2.968"/>
  <testcase classname="testcases.TestCase1" name="Login" time="2.780"/>
  <testcase classname="testcases.TestCase1" name="Login" time="3.319"/>
</testsuite> <!-- testcases.TestCase1 -->
