<?xml version="1.0" encoding="UTF-8"?>
<!-- Generated by org.testng.reporters.JUnitReportReporter -->
<testsuite hostname="SUBBIAH440G9" failures="0" tests="3" name="testcases.TestCase7" time="2.863" errors="0" timestamp="2025-09-26T13:25:57 IST" skipped="0">
  <testcase classname="testcases.TestCase7" name="Login" time="1.267"/>
  <testcase classname="testcases.TestCase7" name="Login" time="0.953"/>
  <testcase classname="testcases.TestCase7" name="Login" time="0.643"/>
</testsuite> <!-- testcases.TestCase7 -->
