<?xml version="1.0" encoding="UTF-8"?>
<!-- Generated by org.testng.reporters.JUnitReportReporter -->
<testsuite hostname="SUBBIAH440G9" failures="0" tests="3" name="testcases.TestCase6" time="1.656" errors="0" timestamp="2025-09-20T18:59:49 IST" skipped="0">
  <testcase classname="testcases.TestCase6" name="Login" time="0.492"/>
  <testcase classname="testcases.TestCase6" name="Login" time="0.542"/>
  <testcase classname="testcases.TestCase6" name="Login" time="0.622"/>
</testsuite> <!-- testcases.TestCase6 -->
