<?xml version="1.0" encoding="UTF-8"?>
<!-- Generated by org.testng.reporters.JUnitReportReporter -->
<testsuite hostname="SUBBIAH440G9" failures="0" tests="3" name="testcases.TestCase10" time="1.964" errors="0" timestamp="2025-09-20T22:57:42 IST" skipped="0">
  <testcase classname="testcases.TestCase10" name="Login" time="0.578"/>
  <testcase classname="testcases.TestCase10" name="Login" time="0.577"/>
  <testcase classname="testcases.TestCase10" name="Login" time="0.809"/>
</testsuite> <!-- testcases.TestCase10 -->
