<?xml version="1.0" encoding="UTF-8"?>
<!-- Generated by org.testng.reporters.JUnitReportReporter -->
<testsuite hostname="SUBBIAH440G9" failures="0" tests="3" name="testcases.TestCase5" time="3.928" errors="0" timestamp="2025-09-20T20:09:09 IST" skipped="0">
  <testcase classname="testcases.TestCase5" name="Login" time="1.599"/>
  <testcase classname="testcases.TestCase5" name="Login" time="1.024"/>
  <testcase classname="testcases.TestCase5" name="Login" time="1.305"/>
</testsuite> <!-- testcases.TestCase5 -->
