<?xml version="1.0" encoding="UTF-8"?>
<!-- Generated by org.testng.reporters.JUnitReportReporter -->
<testsuite hostname="SUBBIAH440G9" failures="0" tests="3" name="testcases.TestCase10" time="3.041" errors="0" timestamp="2025-09-20T20:09:09 IST" skipped="0">
  <testcase classname="testcases.TestCase10" name="Login" time="1.302"/>
  <testcase classname="testcases.TestCase10" name="Login" time="0.520"/>
  <testcase classname="testcases.TestCase10" name="Login" time="1.219"/>
</testsuite> <!-- testcases.TestCase10 -->
