<?xml version="1.0" encoding="UTF-8"?>
<!-- Generated by org.testng.reporters.JUnitReportReporter -->
<testsuite hostname="SUBBIAH440G9" failures="0" tests="3" name="testcases.TestCase4" time="4.540" errors="0" timestamp="2025-09-20T20:09:09 IST" skipped="0">
  <testcase classname="testcases.TestCase4" name="Login" time="1.776"/>
  <testcase classname="testcases.TestCase4" name="Login" time="1.232"/>
  <testcase classname="testcases.TestCase4" name="Login" time="1.532"/>
</testsuite> <!-- testcases.TestCase4 -->
