<?xml version="1.0" encoding="UTF-8"?>
<!-- Generated by org.testng.reporters.JUnitReportReporter -->
<testsuite hostname="SUBBIAH440G9" failures="0" tests="3" name="testcases.TestCase5" time="2.348" errors="0" timestamp="2025-09-20T18:59:49 IST" skipped="0">
  <testcase classname="testcases.TestCase5" name="Login" time="0.500"/>
  <testcase classname="testcases.TestCase5" name="Login" time="1.244"/>
  <testcase classname="testcases.TestCase5" name="Login" time="0.604"/>
</testsuite> <!-- testcases.TestCase5 -->
