<?xml version="1.0" encoding="UTF-8"?>
<!-- Generated by org.testng.reporters.JUnitReportReporter -->
<testsuite hostname="SUBBIAH440G9" failures="0" tests="3" name="testcases.TestCase8" time="3.180" errors="0" timestamp="2025-09-20T20:09:09 IST" skipped="0">
  <testcase classname="testcases.TestCase8" name="Login" time="1.257"/>
  <testcase classname="testcases.TestCase8" name="Login" time="0.860"/>
  <testcase classname="testcases.TestCase8" name="Login" time="1.063"/>
</testsuite> <!-- testcases.TestCase8 -->
