<?xml version="1.0" encoding="UTF-8"?>
<!-- Generated by org.testng.reporters.JUnitReportReporter -->
<testsuite hostname="SUBBIAH440G9" failures="0" tests="3" name="testcases.TestCase10" time="1.976" errors="0" timestamp="2025-09-26T12:11:43 IST" skipped="0">
  <testcase classname="testcases.TestCase10" name="Login" time="0.608"/>
  <testcase classname="testcases.TestCase10" name="Login" time="0.756"/>
  <testcase classname="testcases.TestCase10" name="Login" time="0.612"/>
</testsuite> <!-- testcases.TestCase10 -->
