<?xml version="1.0" encoding="UTF-8"?>
<!-- Generated by org.testng.reporters.JUnitReportReporter -->
<testsuite hostname="SUBBIAH440G9" failures="0" tests="3" name="testcases.TestCase8" time="1.618" errors="0" timestamp="2025-09-20T18:59:49 IST" skipped="0">
  <testcase classname="testcases.TestCase8" name="Login" time="0.531"/>
  <testcase classname="testcases.TestCase8" name="Login" time="0.465"/>
  <testcase classname="testcases.TestCase8" name="Login" time="0.622"/>
</testsuite> <!-- testcases.TestCase8 -->
