<?xml version="1.0" encoding="UTF-8"?>
<!-- Generated by org.testng.reporters.JUnitReportReporter -->
<testsuite hostname="SUBBIAH440G9" failures="0" tests="3" name="testcases.TestCase1" time="3.268" errors="0" timestamp="2025-09-20T18:59:49 IST" skipped="0">
  <testcase classname="testcases.TestCase1" name="Login" time="0.907"/>
  <testcase classname="testcases.TestCase1" name="Login" time="1.481"/>
  <testcase classname="testcases.TestCase1" name="Login" time="0.880"/>
</testsuite> <!-- testcases.TestCase1 -->
