<?xml version="1.0" encoding="UTF-8"?>
<!-- Generated by org.testng.reporters.JUnitReportReporter -->
<testsuite hostname="SUBBIAH440G9" failures="0" tests="3" name="testcases.TestCase9" time="2.420" errors="0" timestamp="2025-09-20T20:09:09 IST" skipped="0">
  <testcase classname="testcases.TestCase9" name="Login" time="0.806"/>
  <testcase classname="testcases.TestCase9" name="Login" time="0.479"/>
  <testcase classname="testcases.TestCase9" name="Login" time="1.135"/>
</testsuite> <!-- testcases.TestCase9 -->
