<?xml version="1.0" encoding="UTF-8"?>
<!-- Generated by org.testng.reporters.JUnitReportReporter -->
<testsuite hostname="SUBBIAH440G9" failures="0" tests="3" name="testcases.TestCase4" time="3.179" errors="0" timestamp="2025-09-26T13:25:57 IST" skipped="0">
  <testcase classname="testcases.TestCase4" name="Login" time="1.449"/>
  <testcase classname="testcases.TestCase4" name="Login" time="0.932"/>
  <testcase classname="testcases.TestCase4" name="Login" time="0.798"/>
</testsuite> <!-- testcases.TestCase4 -->
