<?xml version="1.0" encoding="UTF-8"?>
<!-- Generated by org.testng.reporters.JUnitReportReporter -->
<testsuite hostname="SUBBIAH440G9" failures="0" tests="3" name="testcases.TestCase9" time="1.556" errors="0" timestamp="2025-09-20T18:59:49 IST" skipped="0">
  <testcase classname="testcases.TestCase9" name="Login" time="0.607"/>
  <testcase classname="testcases.TestCase9" name="Login" time="0.468"/>
  <testcase classname="testcases.TestCase9" name="Login" time="0.481"/>
</testsuite> <!-- testcases.TestCase9 -->
