<?xml version="1.0" encoding="UTF-8"?>
<!-- Generated by org.testng.reporters.JUnitReportReporter -->
<testsuite hostname="SUBBIAH440G9" failures="0" tests="3" name="testcases.TestCase6" time="2.828" errors="0" timestamp="2025-09-26T13:25:57 IST" skipped="0">
  <testcase classname="testcases.TestCase6" name="Login" time="1.395"/>
  <testcase classname="testcases.TestCase6" name="Login" time="0.654"/>
  <testcase classname="testcases.TestCase6" name="Login" time="0.779"/>
</testsuite> <!-- testcases.TestCase6 -->
