<?xml version="1.0" encoding="UTF-8"?>
<!-- Generated by org.testng.reporters.JUnitReportReporter -->
<testsuite hostname="SUBBIAH440G9" failures="0" tests="2" name="docker.TestCase1" time="15.168" errors="0" timestamp="2025-08-18T12:36:00 IST" skipped="0">
  <testcase classname="docker.TestCase1" name="loginApp" time="4.578"/>
  <system-out/>
  <testcase classname="docker.TestCase1" name="loginApp" time="10.590"/>
  <system-out/>
</testsuite> <!-- docker.TestCase1 -->
