<?xml version="1.0" encoding="UTF-8"?>
<!-- Generated by org.testng.reporters.JUnitReportReporter -->
<testsuite hostname="SUBBIAH440G9" failures="0" tests="3" name="testcases.TestCase3" time="3.976" errors="0" timestamp="2025-09-20T22:57:42 IST" skipped="0">
  <testcase classname="testcases.TestCase3" name="Login" time="1.078"/>
  <testcase classname="testcases.TestCase3" name="Login" time="1.451"/>
  <testcase classname="testcases.TestCase3" name="Login" time="1.447"/>
</testsuite> <!-- testcases.TestCase3 -->
