<?xml version="1.0" encoding="UTF-8"?>
<!-- Generated by org.testng.reporters.JUnitReportReporter -->
<testsuite hostname="SUBBIAH440G9" failures="0" tests="3" name="testcases.TestCase3" time="2.479" errors="0" timestamp="2025-09-20T18:59:49 IST" skipped="0">
  <testcase classname="testcases.TestCase3" name="Login" time="0.689"/>
  <testcase classname="testcases.TestCase3" name="Login" time="0.973"/>
  <testcase classname="testcases.TestCase3" name="Login" time="0.817"/>
</testsuite> <!-- testcases.TestCase3 -->
