<?xml version="1.0" encoding="UTF-8"?>
<!-- Generated by org.testng.reporters.JUnitReportReporter -->
<testsuite hostname="SUBBIAH440G9" failures="0" tests="3" name="testcases.TestCase7" time="2.251" errors="0" timestamp="2025-09-26T12:11:43 IST" skipped="0">
  <testcase classname="testcases.TestCase7" name="Login" time="0.996"/>
  <testcase classname="testcases.TestCase7" name="Login" time="0.617"/>
  <testcase classname="testcases.TestCase7" name="Login" time="0.638"/>
</testsuite> <!-- testcases.TestCase7 -->
