<?xml version="1.0" encoding="UTF-8"?>
<!-- Generated by org.testng.reporters.JUnitReportReporter -->
<testsuite hostname="SUBBIAH440G9" failures="0" tests="3" name="testcases.HireSenseLogin" time="8.540" errors="0" timestamp="2025-09-20T18:59:49 IST" skipped="2">
  <testcase classname="testcases.HireSenseLogin" name="HireSenseLogIn" time="8.540"/>
  <testcase classname="testcases.HireSenseLogin" name="resumeUploadUsingPasteOption">
    <skipped/>
  </testcase> <!-- resumeUploadUsingPasteOption -->
  <testcase classname="testcases.HireSenseLogin" name="UploadFileValidation">
    <skipped/>
  </testcase> <!-- UploadFileValidation -->
</testsuite> <!-- testcases.HireSenseLogin -->
