<?xml version="1.0" encoding="UTF-8"?>
<!-- Generated by org.testng.reporters.JUnitReportReporter -->
<testsuite hostname="SUBBIAH440G9" failures="0" tests="3" name="testcases.TestCase1" time="7.359" errors="0" timestamp="2025-09-20T20:09:09 IST" skipped="0">
  <testcase classname="testcases.TestCase1" name="Login" time="3.164"/>
  <testcase classname="testcases.TestCase1" name="Login" time="1.271"/>
  <testcase classname="testcases.TestCase1" name="Login" time="2.924"/>
</testsuite> <!-- testcases.TestCase1 -->
