<?xml version="1.0" encoding="UTF-8"?>
<!-- Generated by org.testng.reporters.JUnitReportReporter -->
<testsuite hostname="SUBBIAH440G9" failures="0" tests="3" name="testcases.TestCase8" time="2.521" errors="0" timestamp="2025-09-20T11:55:01 IST" skipped="0">
  <testcase classname="testcases.TestCase8" name="Login" time="0.852"/>
  <testcase classname="testcases.TestCase8" name="Login" time="0.756"/>
  <testcase classname="testcases.TestCase8" name="Login" time="0.913"/>
</testsuite> <!-- testcases.TestCase8 -->
