<?xml version="1.0" encoding="UTF-8"?>
<!-- Generated by org.testng.reporters.JUnitReportReporter -->
<testsuite hostname="SUBBIAH440G9" failures="0" tests="3" name="testcases.TestCase4" time="2.121" errors="0" timestamp="2025-09-20T11:55:01 IST" skipped="0">
  <testcase classname="testcases.TestCase4" name="Login" time="0.787"/>
  <testcase classname="testcases.TestCase4" name="Login" time="0.741"/>
  <testcase classname="testcases.TestCase4" name="Login" time="0.593"/>
</testsuite> <!-- testcases.TestCase4 -->
