<?xml version="1.0" encoding="UTF-8"?>
<!-- Generated by org.testng.reporters.JUnitReportReporter -->
<testsuite hostname="SUBBIAH440G9" failures="0" tests="3" name="testcases.TestCase6" time="1.959" errors="0" timestamp="2025-09-20T11:55:01 IST" skipped="0">
  <testcase classname="testcases.TestCase6" name="Login" time="0.772"/>
  <testcase classname="testcases.TestCase6" name="Login" time="0.645"/>
  <testcase classname="testcases.TestCase6" name="Login" time="0.542"/>
</testsuite> <!-- testcases.TestCase6 -->
