<?xml version="1.0" encoding="UTF-8"?>
<!-- Generated by org.testng.reporters.JUnitReportReporter -->
<testsuite hostname="SUBBIAH440G9" failures="0" tests="3" name="testcases.TestCase10" time="2.698" errors="0" timestamp="2025-09-20T11:55:01 IST" skipped="0">
  <testcase classname="testcases.TestCase10" name="Login" time="0.968"/>
  <testcase classname="testcases.TestCase10" name="Login" time="0.840"/>
  <testcase classname="testcases.TestCase10" name="Login" time="0.890"/>
</testsuite> <!-- testcases.TestCase10 -->
