<?xml version="1.0" encoding="UTF-8"?>
<!-- Generated by org.testng.reporters.JUnitReportReporter -->
<testsuite hostname="SUBBIAH440G9" failures="0" tests="3" name="testcases.TestCase5" time="2.385" errors="0" timestamp="2025-09-20T11:55:01 IST" skipped="0">
  <testcase classname="testcases.TestCase5" name="Login" time="0.888"/>
  <testcase classname="testcases.TestCase5" name="Login" time="0.900"/>
  <testcase classname="testcases.TestCase5" name="Login" time="0.597"/>
</testsuite> <!-- testcases.TestCase5 -->
