<?xml version="1.0" encoding="UTF-8"?>
<!-- Generated by org.testng.reporters.JUnitReportReporter -->
<testsuite hostname="SUBBIAH440G9" failures="0" tests="3" name="testcases.TestCase7" time="2.428" errors="0" timestamp="2025-09-20T11:55:01 IST" skipped="0">
  <testcase classname="testcases.TestCase7" name="Login" time="0.757"/>
  <testcase classname="testcases.TestCase7" name="Login" time="0.629"/>
  <testcase classname="testcases.TestCase7" name="Login" time="1.042"/>
</testsuite> <!-- testcases.TestCase7 -->
