<?xml version="1.0" encoding="UTF-8"?>
<!-- Generated by org.testng.reporters.JUnitReportReporter -->
<testsuite hostname="SUBBIAH440G9" failures="0" tests="3" name="testcases.TestCase3" time="6.198" errors="0" timestamp="2025-09-20T11:55:01 IST" skipped="0">
  <testcase classname="testcases.TestCase3" name="Login" time="3.620"/>
  <testcase classname="testcases.TestCase3" name="Login" time="1.147"/>
  <testcase classname="testcases.TestCase3" name="Login" time="1.431"/>
</testsuite> <!-- testcases.TestCase3 -->
