<?xml version="1.0" encoding="UTF-8"?>
<!-- Generated by org.testng.reporters.JUnitReportReporter -->
<testsuite hostname="SUBBIAH440G9" failures="0" tests="3" name="testcases.TestCase9" time="2.782" errors="0" timestamp="2025-09-20T11:55:01 IST" skipped="0">
  <testcase classname="testcases.TestCase9" name="Login" time="1.236"/>
  <testcase classname="testcases.TestCase9" name="Login" time="0.763"/>
  <testcase classname="testcases.TestCase9" name="Login" time="0.783"/>
</testsuite> <!-- testcases.TestCase9 -->
